[2018-05-20 04:11:07] books-microservice.INFO: Book Created! {"id":null,"name":"Eram os Deuses Astronautas","author":"Erich Von Dâniken"} []
[2018-05-20 04:12:52] books-microservice.WARNING: Book 3 Not Found [] []
[2018-05-20 04:20:34] books-microservice.INFO: Book Created! {"id":null,"name":"Eram os Deuses Astronautas","author":"Erich Von Dâniken"} []
[2018-05-20 04:20:43] books-microservice.INFO: Book Created! {"id":null,"name":"Eram os Deuses Astronautas","author":"Erich Von Dâniken"} []
[2018-05-20 04:20:44] books-microservice.INFO: Book Created! {"id":null,"name":"Eram os Deuses Astronautas","author":"Erich Von Dâniken"} []
[2018-05-20 04:20:45] books-microservice.INFO: Book Created! {"id":null,"name":"Eram os Deuses Astronautas","author":"Erich Von Dâniken"} []
[2018-05-20 04:22:28] books-microservice.INFO: Book Created! {"id":null,"name":"Eram os Deuses Astronautas","author":"Erich Von Dâniken"} []
[2018-05-20 16:57:23] books-microservice.INFO: Book Created! {"id":null,"name":"Eram os Deuses Astronautas 2222","author":"Erich Von Dâniken"} []
[2018-05-21 01:59:57] books-microservice.WARNING: Book 3 Not Found [] []
[2018-05-21 02:12:32] books-microservice.INFO: Book Created! {"id":null,"name":"Eram os Deuses Astronautas 33333","author":"Erich Von Dâniken"} []
[2018-05-21 20:26:44] books-microservice.INFO: Color Created! {"id":null,"name":"Vermelho","hexadecimal":"#ff0000","register":"CURRENT_TIMESTAMP","exclusion":null} []
[2018-05-21 20:34:45] books-microservice.INFO: Color Created! {"id":null,"name":"Vermelho","hexadecimal":"#ff0000","register":"CURRENT_TIMESTAMP","exclusion":null} []
[2018-05-21 20:37:16] books-microservice.INFO: Color Created! {"id":null,"name":"Vermelho","hexadecimal":"#ff0000","register":null,"exclusion":null} []
[2018-05-21 20:44:33] books-microservice.INFO: Color Created! {"id":null,"name":"Azul","hexadecimal":"0000ff","register":null,"exclusion":null} []
[2018-05-21 20:52:17] books-microservice.INFO: Color Created! {"id":null,"name":"Azul","hexadecimal":"0000ff","register":null,"exclusion":null} []
[2018-05-21 20:55:11] books-microservice.INFO: Color Created! {"id":null,"name":"Azul","hexadecimal":"0000ff","register":null,"exclusion":null} []
[2018-05-21 21:05:24] books-microservice.INFO: Color Created! {"id":null,"name":"Azul","hexadecimal":"0000ff","register":null,"exclusion":null} []
[2018-05-21 21:14:01] books-microservice.INFO: Color Created! {"id":null,"name":"Azul","hexadecimal":"0000ff","register":"now()","exclusion":null} []
[2018-05-21 21:14:36] books-microservice.INFO: Color Created! {"id":null,"name":"Azul","hexadecimal":"0000ff"} []
[2018-05-21 21:15:30] books-microservice.INFO: Color Created! {"id":null,"name":"","hexadecimal":"0000ff"} []
[2018-05-21 21:15:40] books-microservice.INFO: Color Created! {"id":null,"name":"Azull","hexadecimal":"0000ff"} []
[2018-05-21 21:15:42] books-microservice.INFO: Color Created! {"id":null,"name":"Azull","hexadecimal":"0000ff"} []
[2018-05-21 21:15:43] books-microservice.INFO: Color Created! {"id":null,"name":"Azull","hexadecimal":"0000ff"} []
[2018-05-21 21:15:44] books-microservice.INFO: Color Created! {"id":null,"name":"Azull","hexadecimal":"0000ff"} []
[2018-05-21 21:16:13] books-microservice.INFO: Color Created! {"id":null,"name":"Azull","hexadecimal":"0000ff"} []
[2018-05-21 21:16:22] books-microservice.INFO: Color Created! {"id":null,"name":"Azull","hexadecimal":"0000ff"} []
[2018-05-21 21:38:16] books-microservice.INFO: Color Created! {"id":null,"name":"","hexadecimal":"0000ff"} []
[2018-05-21 21:43:07] books-microservice.INFO: Color Created! {"id":null,"name":"black","hexadecimal":"000000"} []
